<?xml version="1.0" encoding="UTF-8"?>
<!-- Generated by org.testng.reporters.JUnitReportReporter -->
<testsuite hostname="AQMIT-LPT-10781" failures="0" tests="3" name="day3.FirstNG" time="25.952" errors="0" timestamp="29 Jun 2022 12:45:06 GMT" skipped="0">
  <testcase classname="day3.FirstNG" name="scrollTest" time="25.146"/>
  <testcase classname="day3.FirstNG" name="antTest" time="0.404"/>
  <testcase classname="day3.FirstNG" name="welcomePageTest" time="0.402"/>
</testsuite> <!-- day3.FirstNG -->
