<?xml version="1.0" encoding="UTF-8"?>
<!-- Generated by org.testng.reporters.JUnitReportReporter -->
<testsuite hostname="AQMIT-LPT-10781" failures="0" tests="1" name="day5.Reading" time="0.665" errors="0" timestamp="01 Jul 2022 10:48:45 GMT" skipped="0">
  <testcase classname="day5.Reading" name="f" time="0.665"/>
</testsuite> <!-- day5.Reading -->
