<?xml version="1.0" encoding="UTF-8"?>
<!-- Generated by org.testng.reporters.JUnitReportReporter -->
<testsuite hostname="AQMIT-LPT-10781" failures="0" tests="1" name="day4.IframeExample" time="27.520" errors="0" timestamp="30 Jun 2022 06:35:15 GMT" skipped="0">
  <testcase classname="day4.IframeExample" name="iframeExample" time="27.520"/>
</testsuite> <!-- day4.IframeExample -->
