<?xml version="1.0" encoding="UTF-8"?>
<!-- Generated by org.testng.reporters.JUnitReportReporter -->
<testsuite hostname="AQMIT-LPT-10781" failures="0" tests="3" name="day5.Runner" time="11.360" errors="0" timestamp="01 Jul 2022 05:56:55 GMT" skipped="0">
  <testcase classname="day5.Runner" name="loginCheck" time="5.339"/>
  <testcase classname="day5.Runner" name="forgetPageCancelCheck" time="0.566"/>
  <testcase classname="day5.Runner" name="forgetLinkCheck" time="5.455"/>
</testsuite> <!-- day5.Runner -->
