<?xml version="1.0" encoding="UTF-8"?>
<!-- Generated by org.testng.reporters.JUnitReportReporter -->
<testsuite hostname="AQMIT-LPT-10781" failures="0" tests="1" name="frameWork.KeyRunner" time="17.065" errors="0" timestamp="05 Jul 2022 05:53:51 GMT" skipped="0">
  <testcase classname="frameWork.KeyRunner" name="f" time="17.065"/>
</testsuite> <!-- frameWork.KeyRunner -->
