<?xml version="1.0" encoding="UTF-8"?>
<!-- Generated by org.testng.reporters.JUnitReportReporter -->
<testsuite hostname="AQMIT-LPT-10781" failures="0" tests="1" name="day6.Writing" time="0.984" errors="0" timestamp="04 Jul 2022 05:57:53 GMT" skipped="0">
  <testcase classname="day6.Writing" name="f" time="0.984"/>
</testsuite> <!-- day6.Writing -->
