<?xml version="1.0" encoding="UTF-8"?>
<!-- Generated by org.testng.reporters.JUnitReportReporter -->
<testsuite hostname="AQMIT-LPT-10781" failures="0" tests="1" name="day3.All_Annotations" time="0.006" errors="0" timestamp="30 Jun 2022 05:29:55 GMT" skipped="0">
  <testcase classname="day3.All_Annotations" name="f1" time="0.006"/>
</testsuite> <!-- day3.All_Annotations -->
