<?xml version="1.0" encoding="UTF-8"?>
<!-- Generated by org.testng.reporters.JUnitReportReporter -->
<testsuite hostname="AQMIT-LPT-10781" failures="0" tests="4" name="frameWork.KeyRunner2" time="83.445" errors="0" timestamp="05 Jul 2022 06:16:48 GMT" skipped="0">
  <testcase classname="frameWork.KeyRunner2" name="f" time="0.075"/>
  <testcase classname="frameWork.KeyRunner2" name="f" time="49.751"/>
  <testcase classname="frameWork.KeyRunner2" name="f" time="0.077"/>
  <testcase classname="frameWork.KeyRunner2" name="f" time="33.542"/>
</testsuite> <!-- frameWork.KeyRunner2 -->
